<?xml version="1.0" encoding="UTF-8"?>
<!-- Generated by org.testng.reporters.JUnitXMLReporter -->
<testsuite hostname="SSL-ECOM-PRATIK" ignored="0" name="ChromeTest" tests="1" failures="1" timestamp="09 Feb 2018 10:08:26 GMT" time="18.822" errors="0">
  <testcase name="main1" time="11.576" classname="testCases.Verify_Instawork_Appearance_in_Google_Search_Result">
    <failure type="java.lang.ClassCastException" message="java.lang.ThreadLocal cannot be cast to org.openqa.selenium.JavascriptExecutor">
      <![CDATA[java.lang.ClassCastException: java.lang.ThreadLocal cannot be cast to org.openqa.selenium.JavascriptExecutor
	at utility.Utils.scrollingToPageBottom(Utils.java:185)
	at appModules.SearchResultAction.printPositionOfInstawork(SearchResultAction.java:50)
	at testCases.Verify_Instawork_Appearance_in_Google_Search_Result.main1(Verify_Instawork_Appearance_in_Google_Search_Result.java:44)
	at java.util.concurrent.FutureTask.run(Unknown Source)
	at java.util.concurrent.ThreadPoolExecutor.runWorker(Unknown Source)
	at java.util.concurrent.ThreadPoolExecutor$Worker.run(Unknown Source)
	at java.lang.Thread.run(Unknown Source)
... Removed 16 stack frames]]>
    </failure>
  </testcase> <!-- main1 -->
</testsuite> <!-- ChromeTest -->
